Watching for file changes with StatReloader
"GET /app HTTP/1.1" 301 0
"GET /app/ HTTP/1.1" 200 741
"GET /static/social_app/styles.css HTTP/1.1" 304 0
"GET /app/create/ HTTP/1.1" 200 1381
"GET /app/users/ HTTP/1.1" 200 25612
"GET /app/users/elizabethmartinez HTTP/1.1" 200 1173
"GET /app/users/elizabethmartinez/update/ HTTP/1.1" 200 1627
"POST /app/users/elizabethmartinez/update/ HTTP/1.1" 302 0
"GET /app/users/elizabethmartinez HTTP/1.1" 200 1173
"GET /app/users/elizabethmartinez/posts/ HTTP/1.1" 200 490
"GET /app/users/elizabethmartinez HTTP/1.1" 200 1173
"GET /app/users/post/elizabethmartinez/ HTTP/1.1" 200 1212
"POST /app/users/post/elizabethmartinez/ HTTP/1.1" 200 1303
"GET /app/posts/ HTTP/1.1" 200 540
"GET /app/ HTTP/1.1" 200 741
"GET /app/create/ HTTP/1.1" 200 1381
"GET /app/users/ HTTP/1.1" 200 25612
"GET /app/users/brownjessica HTTP/1.1" 200 1161
"GET /app/users/brownjessica/update/ HTTP/1.1" 200 1635
"POST /app/users/brownjessica/update/ HTTP/1.1" 200 1705
Watching for file changes with StatReloader
Not Found: /
"GET / HTTP/1.1" 404 2171
Not Found: /favicon.ico
"GET /app/ HTTP/1.1" 200 741
"GET /static/social_app/styles.css HTTP/1.1" 200 578
"GET /app/users/ HTTP/1.1" 200 25612
"GET /app/users/cjackson HTTP/1.1" 200 1189
"GET /app/users/cjackson/posts/ HTTP/1.1" 200 820
"GET /app/posts/cjackson/3/delete/ HTTP/1.1" 200 960
"GET /app/users/cjackson/posts/ HTTP/1.1" 200 820
"GET /app/posts/cjackson/3/update/ HTTP/1.1" 200 1370
"GET /app/users/cjackson/posts/ HTTP/1.1" 200 822
"GET /app/ HTTP/1.1" 200 741
"GET /app/create/ HTTP/1.1" 200 1381
"GET /app/ HTTP/1.1" 200 741
Watching for file changes with StatReloader
"GET /app/ HTTP/1.1" 200 741
"GET /static/social_app/styles.css HTTP/1.1" 200 578
"GET /app/users/ HTTP/1.1" 200 25612
"GET /app/users/jessicasmith HTTP/1.1" 200 1176
"GET /app/users/jessicasmith/update/ HTTP/1.1" 200 1573
"GET /app/users/ HTTP/1.1" 200 25612
"GET /app/users/kristineferguson123 HTTP/1.1" 200 1235
"GET /app/users/post/kristineferguson123/ HTTP/1.1" 200 1212
"GET /app/posts/ HTTP/1.1" 200 540
"GET /app/ HTTP/1.1" 200 741
"GET /app/create/ HTTP/1.1" 200 1381
"GET /app/users/ HTTP/1.1" 200 25612
"GET /app/users/kristineferguson123 HTTP/1.1" 200 1235
"GET /app/users/post/kristineferguson123/ HTTP/1.1" 200 1212
"GET /app/posts/ HTTP/1.1" 200 540
"GET /app/ HTTP/1.1" 200 741
"GET /app/users/ HTTP/1.1" 200 25612
"GET /app/users/kristineferguson123 HTTP/1.1" 200 1235
"GET /app/users/kristineferguson123/posts/ HTTP/1.1" 200 767
"GET /app/posts/kristineferguson123/165/update/ HTTP/1.1" 200 1256
"GET /admin/ HTTP/1.1" 302 0
"GET /admin/login/?next=/admin/ HTTP/1.1" 200 4181
"GET /static/admin/css/base.css HTTP/1.1" 304 0
"GET /static/admin/css/dark_mode.css HTTP/1.1" 304 0
"GET /static/admin/js/nav_sidebar.js HTTP/1.1" 304 0
"GET /static/admin/js/theme.js HTTP/1.1" 304 0
"GET /static/admin/css/nav_sidebar.css HTTP/1.1" 304 0
"GET /static/admin/css/login.css HTTP/1.1" 304 0
"GET /static/admin/css/responsive.css HTTP/1.1" 304 0
"POST /admin/login/?next=/admin/ HTTP/1.1" 302 0
"GET /admin/ HTTP/1.1" 200 6663
"GET /static/admin/css/dashboard.css HTTP/1.1" 304 0
"GET /static/admin/img/icon-changelink.svg HTTP/1.1" 200 380
"GET /static/admin/img/icon-addlink.svg HTTP/1.1" 200 331
"GET /admin/social_app/post/ HTTP/1.1" 200 30705
"GET /static/admin/js/vendor/jquery/jquery.js HTTP/1.1" 304 0
"GET /static/admin/js/admin/RelatedObjectLookups.js HTTP/1.1" 304 0
"GET /static/admin/js/jquery.init.js HTTP/1.1" 304 0
"GET /static/admin/css/changelists.css HTTP/1.1" 304 0
"GET /static/admin/js/core.js HTTP/1.1" 304 0
"GET /static/admin/js/urlify.js HTTP/1.1" 304 0
"GET /static/admin/js/actions.js HTTP/1.1" 304 0
"GET /static/admin/js/prepopulate.js HTTP/1.1" 304 0
"GET /static/admin/js/filters.js HTTP/1.1" 304 0
"GET /static/admin/js/vendor/xregexp/xregexp.js HTTP/1.1" 304 0
"GET /admin/jsi18n/ HTTP/1.1" 200 3343
"GET /static/admin/img/tooltag-add.svg HTTP/1.1" 200 331
"GET /admin/social_app/user/ HTTP/1.1" 200 30780
"GET /admin/jsi18n/ HTTP/1.1" 200 3343
"GET /admin/social_app/user/264/change/ HTTP/1.1" 200 11899
"GET /admin/jsi18n/ HTTP/1.1" 200 3343
"GET /static/admin/css/forms.css HTTP/1.1" 304 0
"GET /static/admin/js/admin/DateTimeShortcuts.js HTTP/1.1" 304 0
"GET /static/admin/js/calendar.js HTTP/1.1" 304 0
"GET /static/admin/js/change_form.js HTTP/1.1" 304 0
"GET /static/admin/js/prepopulate_init.js HTTP/1.1" 304 0
"GET /static/admin/css/widgets.css HTTP/1.1" 304 0
"GET /static/admin/img/icon-calendar.svg HTTP/1.1" 200 1086
"GET /static/admin/img/icon-clock.svg HTTP/1.1" 200 677
"GET /admin/social_app/user/ HTTP/1.1" 200 30780
"GET /admin/social_app/post/ HTTP/1.1" 200 30705
Not Found: /favicon.ico
"GET /admin/ HTTP/1.1" 200 6663
"GET /admin/login/?next=/admin/ HTTP/1.1" 302 0
"GET /admin/ HTTP/1.1" 200 6663
"GET /app/posts/kristineferguson123/165/update/ HTTP/1.1" 200 1256
"GET /app/ HTTP/1.1" 200 741
Watching for file changes with StatReloader
Not Found: /
"GET / HTTP/1.1" 404 2171
"GET /app/ HTTP/1.1" 200 856
"GET /static/social_app/styles.css HTTP/1.1" 200 578
Internal Server Error: /app/login/
Traceback (most recent call last):
  File "/home/dci-student/.local/lib/python3.11/site-packages/django/core/handlers/exception.py", line 55, in inner
    response = get_response(request)
               ^^^^^^^^^^^^^^^^^^^^^
  File "/home/dci-student/.local/lib/python3.11/site-packages/django/core/handlers/base.py", line 220, in _get_response
    response = response.render()
               ^^^^^^^^^^^^^^^^^
  File "/home/dci-student/.local/lib/python3.11/site-packages/django/template/response.py", line 114, in render
    self.content = self.rendered_content
                   ^^^^^^^^^^^^^^^^^^^^^
  File "/home/dci-student/.local/lib/python3.11/site-packages/django/template/response.py", line 90, in rendered_content
    template = self.resolve_template(self.template_name)
               ^^^^^^^^^^^^^^^^^^^^^^^^^^^^^^^^^^^^^^^^^
  File "/home/dci-student/.local/lib/python3.11/site-packages/django/template/response.py", line 72, in resolve_template
    return select_template(template, using=self.using)
           ^^^^^^^^^^^^^^^^^^^^^^^^^^^^^^^^^^^^^^^^^^^
  File "/home/dci-student/.local/lib/python3.11/site-packages/django/template/loader.py", line 47, in select_template
    raise TemplateDoesNotExist(", ".join(template_name_list), chain=chain)
django.template.exceptions.TemplateDoesNotExist: login.html
"GET /app/login/ HTTP/1.1" 500 88737
/home/dci-student/Downloads/dci_social/social_project/social_app/views_1.py changed, reloading.
Watching for file changes with StatReloader
/home/dci-student/Downloads/dci_social/social_project/social_app/views_1.py changed, reloading.
Watching for file changes with StatReloader
/home/dci-student/Downloads/dci_social/social_project/social_app/views_1.py changed, reloading.
Watching for file changes with StatReloader
/home/dci-student/Downloads/dci_social/social_project/social_app/views_1.py changed, reloading.
Watching for file changes with StatReloader
Internal Server Error: /app/login/
Traceback (most recent call last):
  File "/home/dci-student/.local/lib/python3.11/site-packages/django/template/backends/django.py", line 61, in render
    return self.template.render(context)
           ^^^^^^^^^^^^^^^^^^^^^^^^^^^^^
  File "/home/dci-student/.local/lib/python3.11/site-packages/django/template/base.py", line 175, in render
    return self._render(context)
           ^^^^^^^^^^^^^^^^^^^^^
  File "/home/dci-student/.local/lib/python3.11/site-packages/django/template/base.py", line 167, in _render
    return self.nodelist.render(context)
           ^^^^^^^^^^^^^^^^^^^^^^^^^^^^^
  File "/home/dci-student/.local/lib/python3.11/site-packages/django/template/base.py", line 1005, in render
    return SafeString("".join([node.render_annotated(context) for node in self]))
                              ^^^^^^^^^^^^^^^^^^^^^^^^^^^^^^^^^^^^^^^^^^^^^^^^^
  File "/home/dci-student/.local/lib/python3.11/site-packages/django/template/base.py", line 1005, in <listcomp>
    return SafeString("".join([node.render_annotated(context) for node in self]))
                               ^^^^^^^^^^^^^^^^^^^^^^^^^^^^^^
  File "/home/dci-student/.local/lib/python3.11/site-packages/django/template/base.py", line 966, in render_annotated
    return self.render(context)
           ^^^^^^^^^^^^^^^^^^^^
  File "/home/dci-student/.local/lib/python3.11/site-packages/django/template/loader_tags.py", line 132, in render
    compiled_parent = self.get_parent(context)
                      ^^^^^^^^^^^^^^^^^^^^^^^^
  File "/home/dci-student/.local/lib/python3.11/site-packages/django/template/loader_tags.py", line 129, in get_parent
    return self.find_template(parent, context)
           ^^^^^^^^^^^^^^^^^^^^^^^^^^^^^^^^^^^
  File "/home/dci-student/.local/lib/python3.11/site-packages/django/template/loader_tags.py", line 107, in find_template
    template, origin = context.template.engine.find_template(
                       ^^^^^^^^^^^^^^^^^^^^^^^^^^^^^^^^^^^^^^
  File "/home/dci-student/.local/lib/python3.11/site-packages/django/template/engine.py", line 161, in find_template
    raise TemplateDoesNotExist(name, tried=tried)
django.template.exceptions.TemplateDoesNotExist: base.html

The above exception was the direct cause of the following exception:

Traceback (most recent call last):
  File "/home/dci-student/.local/lib/python3.11/site-packages/django/core/handlers/exception.py", line 55, in inner
    response = get_response(request)
               ^^^^^^^^^^^^^^^^^^^^^
  File "/home/dci-student/.local/lib/python3.11/site-packages/django/core/handlers/base.py", line 220, in _get_response
    response = response.render()
               ^^^^^^^^^^^^^^^^^
  File "/home/dci-student/.local/lib/python3.11/site-packages/django/template/response.py", line 114, in render
    self.content = self.rendered_content
                   ^^^^^^^^^^^^^^^^^^^^^
  File "/home/dci-student/.local/lib/python3.11/site-packages/django/template/response.py", line 92, in rendered_content
    return template.render(context, self._request)
           ^^^^^^^^^^^^^^^^^^^^^^^^^^^^^^^^^^^^^^^
  File "/home/dci-student/.local/lib/python3.11/site-packages/django/template/backends/django.py", line 63, in render
    reraise(exc, self.backend)
  File "/home/dci-student/.local/lib/python3.11/site-packages/django/template/backends/django.py", line 84, in reraise
    raise new from exc
django.template.exceptions.TemplateDoesNotExist: base.html
"GET /app/login/ HTTP/1.1" 500 138921
Internal Server Error: /app/login/
Traceback (most recent call last):
  File "/home/dci-student/.local/lib/python3.11/site-packages/django/template/backends/django.py", line 61, in render
    return self.template.render(context)
           ^^^^^^^^^^^^^^^^^^^^^^^^^^^^^
  File "/home/dci-student/.local/lib/python3.11/site-packages/django/template/base.py", line 175, in render
    return self._render(context)
           ^^^^^^^^^^^^^^^^^^^^^
  File "/home/dci-student/.local/lib/python3.11/site-packages/django/template/base.py", line 167, in _render
    return self.nodelist.render(context)
           ^^^^^^^^^^^^^^^^^^^^^^^^^^^^^
  File "/home/dci-student/.local/lib/python3.11/site-packages/django/template/base.py", line 1005, in render
    return SafeString("".join([node.render_annotated(context) for node in self]))
                              ^^^^^^^^^^^^^^^^^^^^^^^^^^^^^^^^^^^^^^^^^^^^^^^^^
  File "/home/dci-student/.local/lib/python3.11/site-packages/django/template/base.py", line 1005, in <listcomp>
    return SafeString("".join([node.render_annotated(context) for node in self]))
                               ^^^^^^^^^^^^^^^^^^^^^^^^^^^^^^
  File "/home/dci-student/.local/lib/python3.11/site-packages/django/template/base.py", line 966, in render_annotated
    return self.render(context)
           ^^^^^^^^^^^^^^^^^^^^
  File "/home/dci-student/.local/lib/python3.11/site-packages/django/template/loader_tags.py", line 132, in render
    compiled_parent = self.get_parent(context)
                      ^^^^^^^^^^^^^^^^^^^^^^^^
  File "/home/dci-student/.local/lib/python3.11/site-packages/django/template/loader_tags.py", line 129, in get_parent
    return self.find_template(parent, context)
           ^^^^^^^^^^^^^^^^^^^^^^^^^^^^^^^^^^^
  File "/home/dci-student/.local/lib/python3.11/site-packages/django/template/loader_tags.py", line 107, in find_template
    template, origin = context.template.engine.find_template(
                       ^^^^^^^^^^^^^^^^^^^^^^^^^^^^^^^^^^^^^^
  File "/home/dci-student/.local/lib/python3.11/site-packages/django/template/engine.py", line 161, in find_template
    raise TemplateDoesNotExist(name, tried=tried)
django.template.exceptions.TemplateDoesNotExist: base.html

The above exception was the direct cause of the following exception:

Traceback (most recent call last):
  File "/home/dci-student/.local/lib/python3.11/site-packages/django/core/handlers/exception.py", line 55, in inner
    response = get_response(request)
               ^^^^^^^^^^^^^^^^^^^^^
  File "/home/dci-student/.local/lib/python3.11/site-packages/django/core/handlers/base.py", line 220, in _get_response
    response = response.render()
               ^^^^^^^^^^^^^^^^^
  File "/home/dci-student/.local/lib/python3.11/site-packages/django/template/response.py", line 114, in render
    self.content = self.rendered_content
                   ^^^^^^^^^^^^^^^^^^^^^
  File "/home/dci-student/.local/lib/python3.11/site-packages/django/template/response.py", line 92, in rendered_content
    return template.render(context, self._request)
           ^^^^^^^^^^^^^^^^^^^^^^^^^^^^^^^^^^^^^^^
  File "/home/dci-student/.local/lib/python3.11/site-packages/django/template/backends/django.py", line 63, in render
    reraise(exc, self.backend)
  File "/home/dci-student/.local/lib/python3.11/site-packages/django/template/backends/django.py", line 84, in reraise
    raise new from exc
django.template.exceptions.TemplateDoesNotExist: base.html
"GET /app/login/ HTTP/1.1" 500 138921
"GET /app/login/ HTTP/1.1" 200 1304
"POST /app/login/ HTTP/1.1" 200 1465
"POST /app/login/ HTTP/1.1" 200 1465
"GET /app/login/ HTTP/1.1" 200 1304
"GET /app/ HTTP/1.1" 200 856
"GET /app/create/ HTTP/1.1" 200 1496
"POST /app/create/ HTTP/1.1" 302 0
"GET /app/users/ HTTP/1.1" 200 16046
"GET /app/login/ HTTP/1.1" 200 1304
"GET /app/ HTTP/1.1" 200 856
"GET /app/create/ HTTP/1.1" 200 1496
"GET /app/users/ HTTP/1.1" 200 16046
"GET /app/users/JANNISSIMO11 HTTP/1.1" 200 1171
"GET /app/users/JANNISSIMO11/posts/ HTTP/1.1" 200 475
"GET /app/users/JANNISSIMO11 HTTP/1.1" 200 1171
"GET /app/users/JANNISSIMO11/update/ HTTP/1.1" 200 1568
"GET /app/users/ HTTP/1.1" 200 16046
"GET /app/users/JANNISSIMO11 HTTP/1.1" 200 1171
"GET /app/users/JANNISSIMO11/delete/ HTTP/1.1" 200 1115
"POST /app/users/JANNISSIMO11/delete/ HTTP/1.1" 302 0
"GET /app/users/ HTTP/1.1" 200 15949
"GET /app/ HTTP/1.1" 200 856
"GET /app/login/ HTTP/1.1" 200 1304
"POST /app/login/ HTTP/1.1" 200 1461
"GET /app/ HTTP/1.1" 200 856
"GET /app/ HTTP/1.1" 200 856
"GET /app/ HTTP/1.1" 200 870
"GET /app/ HTTP/1.1" 200 870
Watching for file changes with StatReloader
"GET /app/ HTTP/1.1" 200 1233
"GET /app/users/ HTTP/1.1" 200 16326
"GET /app/users/katelyndalton HTTP/1.1" 200 1666
"GET /app/users/post/katelyndalton/ HTTP/1.1" 200 1704
"GET /app/login/ HTTP/1.1" 200 1681
